<?xml version="1.0" encoding="windows-1252" standalone="no"?>
<!DOCTYPE log SYSTEM "logger.dtd">
<log>

</log>
<?xml version="1.0" encoding="windows-1252" standalone="no"?>
<!DOCTYPE log SYSTEM "logger.dtd">
<log>
<record>
  <date>2021-05-21T20:45:03.963267700Z</date>
  <millis>1621629903963</millis>
  <nanos>267700</nanos>
  <sequence>0</sequence>
  <logger>utils.LogToFile</logger>
  <level>WARNING</level>
  <class>utils.LogToFile</class>
  <method>logAdmin</method>
  <thread>1</thread>
  <message>Method and result: The method Username used: Bob1212</message>
</record>
</log>
